\BOOKMARK [1][-]{section.1}{\376\377\004\046\004\065\004\073\004\114\000\040\004\100\004\060\004\061\004\076\004\102\004\113}{}% 1
\BOOKMARK [1][-]{section.2}{\376\377\004\037\004\076\004\101\004\102\004\060\004\075\004\076\004\062\004\072\004\060\000\040\004\067\004\060\004\064\004\060\004\107\004\070}{}% 2
\BOOKMARK [1][-]{section.3}{\376\377\004\042\004\065\004\076\004\100\004\065\004\102\004\070\004\107\004\065\004\101\004\072\004\070\004\071\000\040\004\100\004\060\004\067\004\064\004\065\004\073}{}% 3
\BOOKMARK [2][-]{subsection.3.1}{\376\377\004\041\004\103\004\111\004\075\004\076\004\101\004\102\004\114\000\040\004\073\004\070\004\075\004\065\004\071\004\075\004\076\004\071\000\040\004\064\004\070\004\101\004\072\004\100\004\065\004\102\004\075\004\076\004\071\000\040\004\076\004\061\004\100\004\060\004\061\004\076\004\102\004\072\004\070}{section.3}% 4
\BOOKMARK [2][-]{subsection.3.2}{\376\377\004\036\004\077\004\070\004\101\004\060\004\075\004\070\004\065\000\040\004\064\004\070\004\101\004\072\004\100\004\065\004\102\004\075\004\113\004\105\000\040\004\101\004\070\004\101\004\102\004\065\004\074}{section.3}% 5
\BOOKMARK [2][-]{subsection.3.3}{\376\377\004\044\004\103\004\075\004\072\004\106\004\070\004\117\000\040\004\077\004\065\004\100\004\065\004\064\004\060\004\107\004\070}{section.3}% 6
\BOOKMARK [2][-]{subsection.3.4}{\376\377\004\047\004\060\004\101\004\102\004\076\004\102\004\075\004\060\004\117\000\040\004\105\004\060\004\100\004\060\004\072\004\102\004\065\004\100\004\070\004\101\004\102\004\070\004\072\004\060}{section.3}% 7
\BOOKMARK [2][-]{subsection.3.5}{\376\377\004\035\004\065\004\100\004\065\004\072\004\103\004\100\004\101\004\070\004\062\004\075\004\113\004\065\000\040\004\104\004\070\004\073\004\114\004\102\004\100\004\113}{section.3}% 8
\BOOKMARK [2][-]{subsection.3.6}{\376\377\004\040\004\065\004\072\004\103\004\100\004\101\004\070\004\062\004\075\004\113\004\065\000\040\004\104\004\070\004\073\004\114\004\102\004\100\004\113}{section.3}% 9
\BOOKMARK [1][-]{section.4}{\376\377\004\045\004\076\004\064\000\040\004\100\004\060\004\061\004\076\004\102\004\113}{}% 10
\BOOKMARK [2][-]{subsection.4.1}{\376\377\004\041\004\070\004\075\004\103\004\101\004\076\004\070\004\064\004\060\004\073\004\114\004\075\004\113\004\071\000\040\004\101\004\070\004\063\004\075\004\060\004\073}{section.4}% 11
\BOOKMARK [3][-]{subsubsection.4.1.1}{\376\377\004\041\004\070\004\075\004\103\004\101\004\076\004\070\004\064\004\060\004\073\004\114\004\113\004\075\004\071\000\040\004\101\004\070\004\063\004\075\004\060\004\073\000\040\004\070\000\040\004\065\004\063\004\076\000\040\004\101\004\077\004\065\004\072\004\102\004\100}{subsection.4.1}% 12
\BOOKMARK [3][-]{subsubsection.4.1.2}{\376\377\004\027\004\060\004\110\004\103\004\074\004\073\004\065\004\075\004\075\004\113\004\071\000\040\004\101\004\070\004\075\004\103\004\101\004\076\004\070\004\064\004\060\004\073\004\114\004\075\004\113\004\071\000\040\004\101\004\070\004\063\004\075\004\060\004\073\000\040\004\070\000\040\004\065\004\063\004\076\000\040\004\101\004\077\004\065\004\072\004\102\004\100}{subsection.4.1}% 13
\BOOKMARK [3][-]{subsubsection.4.1.3}{\376\377\004\037\004\100\004\070\004\074\004\065\004\075\004\065\004\075\004\070\004\065\000\040\004\104\004\070\004\073\004\114\004\102\004\100\004\060}{subsection.4.1}% 14
\BOOKMARK [2][-]{subsection.4.2}{\376\377\004\037\004\100\004\117\004\074\004\076\004\103\004\063\004\076\004\073\004\114\004\075\004\113\004\071\000\040\004\101\004\070\004\063\004\075\004\060\004\073}{section.4}% 15
\BOOKMARK [3][-]{subsubsection.4.2.1}{\376\377\004\037\004\100\004\117\004\074\004\076\004\103\004\063\004\076\004\073\004\114\004\075\004\113\004\071\000\040\004\101\004\070\004\063\004\075\004\060\004\073\000\040\004\070\000\040\004\065\004\063\004\076\000\040\004\101\004\077\004\065\004\072\004\102\004\100}{subsection.4.2}% 16
\BOOKMARK [3][-]{subsubsection.4.2.2}{\376\377\004\027\004\060\004\110\004\103\004\074\004\073\004\065\004\075\004\075\004\113\004\071\000\040\004\077\004\100\004\117\004\074\004\076\004\103\004\063\004\076\004\073\004\114\004\075\004\113\004\071\000\040\004\101\004\070\004\063\004\075\004\060\004\073\000\040\004\070\000\040\004\065\004\063\004\076\000\040\004\101\004\077\004\065\004\072\004\102\004\100}{subsection.4.2}% 17
\BOOKMARK [3][-]{subsubsection.4.2.3}{\376\377\004\037\004\100\004\070\004\074\004\065\004\075\004\065\004\075\004\070\004\065\000\040\004\104\004\070\004\073\004\114\004\102\004\100\004\060}{subsection.4.2}% 18
\BOOKMARK [2][-]{subsection.4.3}{\376\377\004\042\004\100\004\065\004\103\004\063\004\076\004\073\004\114\004\075\004\113\004\071\000\040\004\101\004\070\004\063\004\075\004\060\004\073}{section.4}% 19
\BOOKMARK [3][-]{subsubsection.4.3.1}{\376\377\004\042\004\100\004\065\004\103\004\063\004\076\004\073\004\114\004\113\004\075\004\071\000\040\004\101\004\070\004\063\004\075\004\060\004\073\000\040\004\070\000\040\004\065\004\063\004\076\000\040\004\101\004\077\004\065\004\072\004\102\004\100}{subsection.4.3}% 20
\BOOKMARK [3][-]{subsubsection.4.3.2}{\376\377\004\027\004\060\004\110\004\103\004\074\004\073\004\065\004\075\004\075\004\113\004\071\000\040\004\102\004\100\004\065\004\103\004\063\004\076\004\073\004\114\004\075\004\113\004\071\000\040\004\101\004\070\004\063\004\075\004\060\004\073\000\040\004\070\000\040\004\065\004\063\004\076\000\040\004\101\004\077\004\065\004\072\004\102\004\100}{subsection.4.3}% 21
\BOOKMARK [3][-]{subsubsection.4.3.3}{\376\377\004\037\004\100\004\070\004\074\004\065\004\075\004\065\004\075\004\070\004\065\000\040\004\104\004\070\004\073\004\114\004\102\004\100\004\060}{subsection.4.3}% 22
\BOOKMARK [1][-]{section.5}{\376\377\004\022\004\113\004\062\004\076\004\064}{}% 23
